# log written 2026-06-07 18:52:11 | seed=2 | cv=5 | threshold_objective=cost (FN:FP=2.0:1)

 ----- GradientBoosting -----
train=14770  test=3693  features=48  train positive rate=0.281
[GradientBoosting] best CV ROC-AUC = 0.8200 | params = {'clf__l2_regularization': 1.0, 'clf__learning_rate': 0.05, 'clf__max_depth': None, 'clf__max_leaf_nodes': 31, 'clf__min_samples_leaf': 20}

chosen threshold = 0.325

-- overall performance --
threshold          0.325000
accuracy           0.756296
balanced_acc       0.735858
precision          0.553751
recall_TPR         0.689124
f1                 0.614065
roc_auc            0.812590
pr_auc             0.640572
brier              0.149388
FN               323.000000
FP               577.000000
TP               716.000000
TN              2077.000000

-- per-group (binary race) --
                     selection_rate     TPR     FPR  accuracy
sensitive_feature_0                                          
Non-White                    0.1922  0.5515  0.1117    0.8266
NH White (priv)              0.4768  0.7453  0.3257    0.6999

-- per-group (RACETHX, descriptive) --
          selection_rate  disparate_impact_vs_NHWhite  stat_parity_diff_vs_NHWhite
racethx                                                                           
NH White          0.4771                       1.0000                       0.0000
NH Black          0.2798                       0.5866                      -0.1972
NH Other          0.2296                       0.4814                      -0.2474
NH Asian          0.1674                       0.3509                      -0.3097
Hispanic          0.1474                       0.3091                      -0.3296

-- fairness summary --
equalised_odds_diff                0.2140
disparate_impact_ratio             0.4031
statistical_parity_diff            0.2846
individual_fairness_consistency    0.9310
equalised_odds_diff: lower = fairer (0 = equal TPR & FPR)
disparate_impact_ratio: 1.0 = parity; < 0.80 fails the 80% rule
statistical_parity_diff: selection-rate gap vs reference group
individual_fairness_: closer to 1 = similar people score similarly
