# log written 2026-06-07 18:53:09 | seed=2 | cv=5 | threshold_objective=cost (FN:FP=2.0:1)

 ----- LogisticRegression -----
train=14770  test=3693  features=48  train positive rate=0.281
[LogisticRegression] best CV ROC-AUC = 0.8126 | params = {'clf__C': 0.1, 'clf__class_weight': None}

chosen threshold = 0.330

-- overall performance --
threshold          0.330000
accuracy           0.758462
balanced_acc       0.728580
precision          0.560000
recall_TPR         0.660250
f1                 0.606007
roc_auc            0.807212
pr_auc             0.639714
brier              0.150804
FN               353.000000
FP               539.000000
TP               686.000000
TN              2115.000000

-- per-group (binary race) --
                     selection_rate     TPR     FPR  accuracy
sensitive_feature_0                                          
Non-White                    0.1807  0.5183  0.1050    0.8260
NH White (priv)              0.4529  0.7182  0.3036    0.7042

-- per-group (RACETHX, descriptive) --
          selection_rate  disparate_impact_vs_NHWhite  stat_parity_diff_vs_NHWhite
racethx                                                                           
NH White          0.4531                       1.0000                       0.0000
NH Black          0.2867                       0.6327                      -0.1664
NH Other          0.2074                       0.4577                      -0.2457
NH Asian          0.1545                       0.3410                      -0.2986
Hispanic          0.1284                       0.2834                      -0.3247

-- fairness summary --
equalised_odds_diff                0.1999
disparate_impact_ratio             0.3989
statistical_parity_diff            0.2722
individual_fairness_consistency    0.9409
equalised_odds_diff: lower = fairer (0 = equal TPR & FPR)
disparate_impact_ratio: 1.0 = parity; < 0.80 fails the 80% rule
statistical_parity_diff: selection-rate gap vs reference group
individual_fairness_: closer to 1 = similar people score similarly
