# log written 2026-06-11 16:42:41 | seed=4 | cv=5 | threshold_objective=cost (FN:FP=2.0:1)

 ----- LogisticRegression -----
train=14770  test=3693  features=48  train positive rate=0.281
[LogisticRegression] best CV ROC-AUC = 0.8092 | params = {'clf__C': 0.1, 'clf__class_weight': None}

chosen threshold = 0.335

-- overall performance --
threshold          0.335000
accuracy           0.769835
balanced_acc       0.734150
precision          0.580977
recall_TPR         0.652551
f1                 0.614687
roc_auc            0.819602
pr_auc             0.653821
brier              0.147080
FN               361.000000
FP               489.000000
TP               678.000000
TN              2165.000000

-- per-group (binary race) --
                     selection_rate     TPR     FPR  accuracy
sensitive_feature_0                                          
Non-White                    0.1783  0.5458  0.1005    0.8377
NH White (priv)              0.4319  0.6949  0.2768    0.7127

-- per-group (RACETHX, descriptive) --
          selection_rate  disparate_impact_vs_NHWhite  stat_parity_diff_vs_NHWhite
racethx                                                                           
NH White          0.4321                       1.0000                       0.0000
NH Black          0.2711                       0.6274                      -0.1610
NH Other          0.2286                       0.5289                      -0.2036
NH Asian          0.1822                       0.4216                      -0.2499
Hispanic          0.1084                       0.2510                      -0.3237

-- fairness summary --
equalised_odds_diff                0.1763
disparate_impact_ratio             0.4128
statistical_parity_diff            0.2536
individual_fairness_consistency    0.9425
equalised_odds_diff: lower = fairer (0 = equal TPR & FPR)
disparate_impact_ratio: 1.0 = parity; < 0.80 fails the 80% rule
statistical_parity_diff: selection-rate gap vs reference group
individual_fairness_: closer to 1 = similar people score similarly
