# log written 2026-06-11 14:44:02 | seed=2 | threshold_objective=cost (FN:FP=2.0:1) | mitigation=reweighing
# log written 2026-06-11 14:44:02 | seed=2 | cv=5 | threshold_objective=cost (FN:FP=2.0:1)

 ----- LogisticRegression -----
train=14770  test=3693  features=48  train positive rate=0.281
[LogisticRegression] best CV ROC-AUC = 0.8126 | params = {'clf__C': 0.1, 'clf__class_weight': None}

chosen threshold = 0.330

-- overall performance --
threshold          0.330000
accuracy           0.758462
balanced_acc       0.728580
precision          0.560000
recall_TPR         0.660250
f1                 0.606007
roc_auc            0.807212
pr_auc             0.639714
brier              0.150804
FN               353.000000
FP               539.000000
TP               686.000000
TN              2115.000000

-- per-group (binary race) --
                     selection_rate     TPR     FPR  accuracy
sensitive_feature_0                                          
Non-White                    0.1807  0.5183  0.1050    0.8260
NH White (priv)              0.4529  0.7182  0.3036    0.7042

-- per-group (RACETHX, descriptive) --
          selection_rate  disparate_impact_vs_NHWhite  stat_parity_diff_vs_NHWhite
racethx                                                                           
NH White          0.4531                       1.0000                       0.0000
NH Black          0.2867                       0.6327                      -0.1664
NH Other          0.2074                       0.4577                      -0.2457
NH Asian          0.1545                       0.3410                      -0.2986
Hispanic          0.1284                       0.2834                      -0.3247

-- fairness summary --
equalised_odds_diff                0.1999
disparate_impact_ratio             0.3989
statistical_parity_diff            0.2722
individual_fairness_consistency    0.9409
equalised_odds_diff: lower = fairer (0 = equal TPR & FPR)
disparate_impact_ratio: 1.0 = parity; < 0.80 fails the 80% rule
statistical_parity_diff: selection-rate gap vs reference group
individual_fairness_: closer to 1 = similar people score similarly
[LogisticRegression] log saved to /Users/mede/HCML-preferential-randomisation/Model/results_log/LogisticRegression.log

 ----- LogisticRegression (reweighing) -----
train=14770  test=3693  features=48  train positive rate=0.281
[] best CV ROC-AUC = 0.8126 | params = {'clf__C': 0.1, 'clf__class_weight': None}

-- reweighing weights (per group x label cell) --
          group     label    n  weight
NH White (priv) high util 3011  0.7540
NH White (priv)  low util 5055  1.1466
      Non-White high util 1146  1.6465
      Non-White  low util 5558  0.8667

chosen threshold = 0.330

-- overall performance --
threshold          0.330000
accuracy           0.761982
balanced_acc       0.726051
precision          0.567912
recall_TPR         0.643888
f1                 0.603518
roc_auc            0.803748
pr_auc             0.633770
brier              0.152092
FN               370.000000
FP               509.000000
TP               669.000000
TN              2145.000000

-- per-group (binary race) --
                     selection_rate     TPR     FPR  accuracy
sensitive_feature_0                                          
Non-White                    0.2135  0.5847  0.1303    0.8175
NH White (priv)              0.4036  0.6680  0.2548    0.7174

-- per-group (RACETHX, descriptive) --
          selection_rate  disparate_impact_vs_NHWhite  stat_parity_diff_vs_NHWhite
racethx                                                                           
NH White          0.4038                       1.0000                       0.0000
NH Black          0.3005                       0.7441                      -0.1033
NH Asian          0.2532                       0.6271                      -0.1506
NH Other          0.1852                       0.4586                      -0.2186
Hispanic          0.1617                       0.4005                      -0.2421

-- fairness summary --
equalised_odds_diff                0.1245
disparate_impact_ratio             0.5290
statistical_parity_diff            0.1901
individual_fairness_consistency    0.9428

========== baseline vs reweighing ==========
                         metric  baseline  mitigated   delta
                       accuracy    0.7585     0.7620  0.0035
                   balanced_acc    0.7286     0.7261 -0.0025
                     recall_TPR    0.6603     0.6439 -0.0164
                        roc_auc    0.8072     0.8037 -0.0035
            equalised_odds_diff    0.1999     0.1245 -0.0754
         disparate_impact_ratio    0.3989     0.5290  0.1301
        statistical_parity_diff    0.2722     0.1901 -0.0821
individual_fairness_consistency    0.9409     0.9428  0.0019

Reading the deltas:
 equalised_odds_diff: lower = fairer (primary metric)
 disparate_impact_ratio: closer to 1.0 = fairer
 recall_TPR / accuracy: the cost we pay for fairness
 individual_fairness: watch for drops
# log written 2026-06-11 14:44:08 | seed=2 | cv=5 | threshold_objective=cost (FN:FP=2.0:1)

 ----- GradientBoosting -----
train=14770  test=3693  features=48  train positive rate=0.281
[GradientBoosting] best CV ROC-AUC = 0.8203 | params = {'clf__l2_regularization': 1.0, 'clf__learning_rate': 0.05, 'clf__max_depth': None, 'clf__max_leaf_nodes': 31, 'clf__min_samples_leaf': 20}

chosen threshold = 0.335

-- overall performance --
threshold          0.335000
accuracy           0.757379
balanced_acc       0.733098
precision          0.556522
recall_TPR         0.677575
f1                 0.611111
roc_auc            0.810261
pr_auc             0.635145
brier              0.150517
FN               335.000000
FP               561.000000
TP               704.000000
TN              2093.000000

-- per-group (binary race) --
                     selection_rate     TPR     FPR  accuracy
sensitive_feature_0                                          
Non-White                    0.1855  0.5515  0.1035    0.8333
NH White (priv)              0.4685  0.7290  0.3219    0.6964

-- per-group (RACETHX, descriptive) --
          selection_rate  disparate_impact_vs_NHWhite  stat_parity_diff_vs_NHWhite
racethx                                                                           
NH White          0.4688                       1.0000                       0.0000
NH Black          0.2683                       0.5725                      -0.2004
NH Other          0.2296                       0.4899                      -0.2391
NH Asian          0.1631                       0.3479                      -0.3057
Hispanic          0.1415                       0.3019                      -0.3273

-- fairness summary --
equalised_odds_diff                0.2184
disparate_impact_ratio             0.3960
statistical_parity_diff            0.2830
individual_fairness_consistency    0.9287
equalised_odds_diff: lower = fairer (0 = equal TPR & FPR)
disparate_impact_ratio: 1.0 = parity; < 0.80 fails the 80% rule
statistical_parity_diff: selection-rate gap vs reference group
individual_fairness_: closer to 1 = similar people score similarly
[GradientBoosting] log saved to /Users/mede/HCML-preferential-randomisation/Model/results_log/GradientBoosting.log

 ----- GradientBoosting (reweighing) -----
train=14770  test=3693  features=48  train positive rate=0.281
[] best CV ROC-AUC = 0.8203 | params = {'clf__l2_regularization': 1.0, 'clf__learning_rate': 0.05, 'clf__max_depth': None, 'clf__max_leaf_nodes': 31, 'clf__min_samples_leaf': 20}

-- reweighing weights (per group x label cell) --
          group     label    n  weight
NH White (priv) high util 3011  0.7540
NH White (priv)  low util 5055  1.1466
      Non-White high util 1146  1.6465
      Non-White  low util 5558  0.8667

chosen threshold = 0.335

-- overall performance --
threshold          0.335000
accuracy           0.755483
balanced_acc       0.725337
precision          0.555375
recall_TPR         0.656400
f1                 0.601676
roc_auc            0.808926
pr_auc             0.633933
brier              0.150884
FN               357.000000
FP               546.000000
TP               682.000000
TN              2108.000000

-- per-group (binary race) --
                     selection_rate     TPR     FPR  accuracy
sensitive_feature_0                                          
Non-White                    0.2172  0.5880  0.1340    0.8151
NH White (priv)              0.4251  0.6843  0.2792    0.7077

-- per-group (RACETHX, descriptive) --
          selection_rate  disparate_impact_vs_NHWhite  stat_parity_diff_vs_NHWhite
racethx                                                                           
NH White          0.4253                       1.0000                       0.0000
NH Black          0.3096                       0.7280                      -0.1157
NH Asian          0.2232                       0.5248                      -0.2021
NH Other          0.2148                       0.5051                      -0.2105
Hispanic          0.1677                       0.3942                      -0.2576

-- fairness summary --
equalised_odds_diff                0.1451
disparate_impact_ratio             0.5108
statistical_parity_diff            0.2079
individual_fairness_consistency    0.9316

========== baseline vs reweighing ==========
                         metric  baseline  mitigated   delta
                       accuracy    0.7574     0.7555 -0.0019
                   balanced_acc    0.7331     0.7253 -0.0078
                     recall_TPR    0.6776     0.6564 -0.0212
                        roc_auc    0.8103     0.8089 -0.0013
            equalised_odds_diff    0.2184     0.1451 -0.0732
         disparate_impact_ratio    0.3960     0.5108  0.1149
        statistical_parity_diff    0.2830     0.2079 -0.0751
individual_fairness_consistency    0.9287     0.9316  0.0029

Reading the deltas:
 equalised_odds_diff: lower = fairer (primary metric)
 disparate_impact_ratio: closer to 1.0 = fairer
 recall_TPR / accuracy: the cost we pay for fairness
 individual_fairness: watch for drops
